[GO-EXAMPLE]2020/08/28 - 10:15:46.176 D:/GoModProject/gin-demo/initialize/mysql.go:26 ▶ [ERROR] MySQL启动异常 dial tcp 127.0.0.1:123: connectex: No connection could be made because the target machine actively refused it.
[GO-EXAMPLE]2020/08/28 - 10:16:07.635 D:/GoModProject/gin-demo/initialize/mysql.go:26 ▶ [ERROR] MySQL启动异常 Error 1049: Unknown database 'fqwf'
[GO-EXAMPLE]2020/08/28 - 13:49:40.173 D:/GoModProject/gin-demo/initialize/mysql.go:19 ▶ [CRITIC] MySQL启动异常 Error 1049: Unknown database 'go-demo'
[GO-EXAMPLE]2020/08/28 - 13:50:31.047 D:/GoModProject/gin-demo/initialize/db_table.go:13 ▶ [DEBUG] register table success
[GO-EXAMPLE]2020/08/28 - 13:55:11.474 D:/GoModProject/gin-demo/initialize/db_table.go:15 ▶ [DEBUG] register table success
[GO-EXAMPLE]2020/08/28 - 13:55:22.503 D:/GoModProject/gin-demo/initialize/db_table.go:15 ▶ [DEBUG] register table success
[GO-EXAMPLE]2020/08/28 - 20:26:33.774 D:/GoModProject/gin-demo/initialize/db_table.go:15 ▶ [DEBUG] register table success
[GO-EXAMPLE]2020/08/28 - 20:26:33.776 D:/GoModProject/gin-demo/initialize/router.go:13 ▶ [DEBUG] 启动了cors中间件
[GO-EXAMPLE]2020/08/28 - 20:26:33.776 D:/GoModProject/gin-demo/main.go:19 ▶ [DEBUG] 本都运行地址：
[GO-EXAMPLE]2020/08/28 - 20:27:02.129 D:/GoModProject/gin-demo/initialize/db_table.go:15 ▶ [DEBUG] register table success
[GO-EXAMPLE]2020/08/28 - 20:27:02.131 D:/GoModProject/gin-demo/initialize/router.go:13 ▶ [DEBUG] 启动了cors中间件
[GO-EXAMPLE]2020/08/28 - 20:27:02.131 D:/GoModProject/gin-demo/main.go:19 ▶ [DEBUG] 本都运行地址：
[GO-EXAMPLE]2020/08/28 - 20:29:55.771 D:/GoModProject/gin-demo/initialize/db_table.go:15 ▶ [DEBUG] register table success
[GO-EXAMPLE]2020/08/28 - 20:29:55.773 D:/GoModProject/gin-demo/initialize/router.go:13 ▶ [DEBUG] 当前是在release环境
[GO-EXAMPLE]2020/08/28 - 20:29:55.773 D:/GoModProject/gin-demo/initialize/router.go:16 ▶ [DEBUG] 启动了cors中间件
[GO-EXAMPLE]2020/08/28 - 20:29:55.773 D:/GoModProject/gin-demo/main.go:19 ▶ [DEBUG] 本机运行地址：127.0.0.1:%!s(int=3123)
[GO-EXAMPLE]2020/08/28 - 20:30:18.616 D:/GoModProject/gin-demo/initialize/db_table.go:15 ▶ [DEBUG] register table success
[GO-EXAMPLE]2020/08/28 - 20:30:18.617 D:/GoModProject/gin-demo/initialize/router.go:13 ▶ [DEBUG] 当前是在release环境
[GO-EXAMPLE]2020/08/28 - 20:30:18.618 D:/GoModProject/gin-demo/initialize/router.go:16 ▶ [DEBUG] 启动了cors中间件
[GO-EXAMPLE]2020/08/28 - 20:30:18.618 D:/GoModProject/gin-demo/main.go:19 ▶ [DEBUG] 本机运行地址：127.0.0.1:3123
[GO-EXAMPLE]2020/08/28 - 20:30:53.925 D:/GoModProject/gin-demo/initialize/db_table.go:15 ▶ [DEBUG] register table success
[GO-EXAMPLE]2020/08/28 - 20:30:53.927 D:/GoModProject/gin-demo/initialize/router.go:13 ▶ [DEBUG] 当前是在release环境
[GO-EXAMPLE]2020/08/28 - 20:30:53.927 D:/GoModProject/gin-demo/initialize/router.go:16 ▶ [DEBUG] 启动了cors中间件
[GO-EXAMPLE]2020/08/28 - 20:30:53.927 D:/GoModProject/gin-demo/main.go:19 ▶ [DEBUG] 本机运行地址：http://127.0.0.1:3123
[GO-EXAMPLE]2020/08/29 - 01:51:00.568 D:/GoModProject/gin-demo/initialize/db_table.go:15 ▶ [DEBUG] register table success
[GO-EXAMPLE]2020/08/29 - 01:51:00.570 D:/GoModProject/gin-demo/initialize/router.go:13 ▶ [DEBUG] 当前是在debug环境
[GO-EXAMPLE]2020/08/29 - 01:51:00.570 D:/GoModProject/gin-demo/initialize/router.go:16 ▶ [DEBUG] 启动了cors中间件
[GO-EXAMPLE]2020/08/29 - 01:51:00.570 D:/GoModProject/gin-demo/main.go:19 ▶ [DEBUG] 本机运行地址：http://127.0.0.1:3123
