[GO-EXAMPLE]2020/09/03 - 16:51:20.002 D:/GoModProject/gin-demo/initialize/db_table.go:14 ▶ [DEBUG] register table success
[GO-EXAMPLE]2020/09/03 - 16:51:20.003 D:/GoModProject/gin-demo/main.go:15 ▶ [DEBUG] 当前是在debug环境
[GIN-EXAMPLE]2020/09/03 - 17:24:25.359 D:/GoModProject/gin-demo/initialize/db_table.go:14 ▶ [DEBUG] register table success
[GIN-EXAMPLE]2020/09/03 - 17:24:25.360 D:/GoModProject/gin-demo/main.go:15 ▶ [DEBUG] 当前是在debug环境
[GIN-EXAMPLE]2020/09/03 - 17:24:25.360 D:/GoModProject/gin-demo/main.go:25 ▶ [DEBUG] 本机运行地址：http://127.0.0.1:9518
[GIN-EXAMPLE]2020/09/03 - 17:24:25.360 D:/GoModProject/gin-demo/initialize/router.go:14 ▶ [DEBUG] 启动了cors中间件
[GIN-EXAMPLE]2020/09/03 - 17:25:46.972 D:/GoModProject/gin-demo/initialize/db_table.go:14 ▶ [DEBUG] register table success
[GIN-EXAMPLE]2020/09/03 - 17:25:46.972 D:/GoModProject/gin-demo/main.go:15 ▶ [DEBUG] 当前是在debug环境
[GIN-EXAMPLE]2020/09/03 - 17:27:03.052 D:/GoModProject/gin-demo/initialize/db_table.go:14 ▶ [DEBUG] register table success
[GIN-EXAMPLE]2020/09/03 - 17:27:03.053 D:/GoModProject/gin-demo/main.go:15 ▶ [DEBUG] 当前是在debug环境
[GIN-EXAMPLE]2020/09/03 - 17:28:00.840 D:/GoModProject/gin-demo/initialize/db_table.go:14 ▶ [DEBUG] register table success
[GIN-EXAMPLE]2020/09/03 - 17:28:00.840 D:/GoModProject/gin-demo/main.go:15 ▶ [DEBUG] 当前是在debug环境
[GIN-EXAMPLE]2020/09/03 - 17:29:04.024 D:/GoModProject/gin-demo/initialize/db_table.go:14 ▶ [DEBUG] register table success
[GIN-EXAMPLE]2020/09/03 - 17:29:04.025 D:/GoModProject/gin-demo/main.go:15 ▶ [DEBUG] 当前是在debug环境
[GIN-EXAMPLE]2020/09/03 - 17:39:19.794 D:/GoModProject/gin-demo/initialize/db_table.go:14 ▶ [DEBUG] register table success
[GIN-EXAMPLE]2020/09/03 - 17:39:19.796 D:/GoModProject/gin-demo/main.go:15 ▶ [DEBUG] 当前是在debug环境
[GIN-EXAMPLE]2020/09/03 - 17:39:19.796 D:/GoModProject/gin-demo/initialize/aliyunoss.go:22 ▶ [INFO] 生成bucket成功
[GIN-EXAMPLE]2020/09/03 - 17:39:19.796 D:/GoModProject/gin-demo/main.go:25 ▶ [DEBUG] 本机运行地址：http://127.0.0.1:9518
[GIN-EXAMPLE]2020/09/03 - 17:39:19.796 D:/GoModProject/gin-demo/initialize/router.go:14 ▶ [DEBUG] 启动了cors中间件
[GIN-EXAMPLE]2020/09/03 - 17:40:14.986 D:/GoModProject/gin-demo/initialize/db_table.go:14 ▶ [DEBUG] register table success
[GIN-EXAMPLE]2020/09/03 - 17:40:14.987 D:/GoModProject/gin-demo/main.go:15 ▶ [DEBUG] 当前是在debug环境
[GIN-EXAMPLE]2020/09/03 - 17:40:14.987 D:/GoModProject/gin-demo/initialize/aliyunoss.go:20 ▶ [INFO] 生成bucket成功
[GIN-EXAMPLE]2020/09/03 - 17:40:14.987 D:/GoModProject/gin-demo/main.go:26 ▶ [DEBUG] 本机运行地址：http://127.0.0.1:9518
[GIN-EXAMPLE]2020/09/03 - 17:40:14.988 D:/GoModProject/gin-demo/initialize/router.go:14 ▶ [DEBUG] 启动了cors中间件
[GIN-EXAMPLE]2020/09/03 - 17:42:39.607 D:/GoModProject/gin-demo/initialize/db_table.go:14 ▶ [DEBUG] register table success
[GIN-EXAMPLE]2020/09/03 - 17:42:39.608 D:/GoModProject/gin-demo/main.go:15 ▶ [DEBUG] 当前是在debug环境
[GIN-EXAMPLE]2020/09/03 - 17:42:39.608 D:/GoModProject/gin-demo/initialize/aliyunoss.go:20 ▶ [INFO] 生成bucket成功
[GIN-EXAMPLE]2020/09/03 - 17:42:39.608 D:/GoModProject/gin-demo/main.go:26 ▶ [DEBUG] 本机运行地址：http://127.0.0.1:9518
[GIN-EXAMPLE]2020/09/03 - 17:42:39.608 D:/GoModProject/gin-demo/initialize/router.go:14 ▶ [DEBUG] 启动了cors中间件
[GIN-EXAMPLE]2020/09/03 - 17:43:05.248 D:/GoModProject/gin-demo/initialize/db_table.go:14 ▶ [DEBUG] register table success
[GIN-EXAMPLE]2020/09/03 - 17:43:05.249 D:/GoModProject/gin-demo/main.go:15 ▶ [DEBUG] 当前是在debug环境
[GIN-EXAMPLE]2020/09/03 - 17:43:05.249 D:/GoModProject/gin-demo/initialize/aliyunoss.go:20 ▶ [INFO] 生成bucket成功
[GIN-EXAMPLE]2020/09/03 - 17:43:05.249 D:/GoModProject/gin-demo/main.go:26 ▶ [DEBUG] 本机运行地址：http://127.0.0.1:9518
[GIN-EXAMPLE]2020/09/03 - 17:43:05.249 D:/GoModProject/gin-demo/initialize/router.go:14 ▶ [DEBUG] 启动了cors中间件
[GIN-EXAMPLE]2020/09/03 - 17:43:23.637 D:/GoModProject/gin-demo/initialize/db_table.go:14 ▶ [DEBUG] register table success
[GIN-EXAMPLE]2020/09/03 - 17:43:23.638 D:/GoModProject/gin-demo/main.go:15 ▶ [DEBUG] 当前是在debug环境
[GIN-EXAMPLE]2020/09/03 - 17:43:23.638 D:/GoModProject/gin-demo/initialize/aliyunoss.go:20 ▶ [INFO] 生成bucket成功
[GIN-EXAMPLE]2020/09/03 - 17:43:23.638 D:/GoModProject/gin-demo/main.go:26 ▶ [DEBUG] 本机运行地址：http://127.0.0.1:9518
[GIN-EXAMPLE]2020/09/03 - 17:43:23.638 D:/GoModProject/gin-demo/initialize/router.go:14 ▶ [DEBUG] 启动了cors中间件
[GIN-EXAMPLE]2020/09/03 - 17:54:07.390 D:/GoModProject/gin-demo/initialize/db_table.go:14 ▶ [DEBUG] register table success
[GIN-EXAMPLE]2020/09/03 - 17:54:07.391 D:/GoModProject/gin-demo/main.go:15 ▶ [DEBUG] 当前是在debug环境
[GIN-EXAMPLE]2020/09/03 - 17:54:07.392 D:/GoModProject/gin-demo/initialize/aliyunoss.go:20 ▶ [INFO] 生成bucket成功
[GIN-EXAMPLE]2020/09/03 - 17:54:07.392 D:/GoModProject/gin-demo/main.go:26 ▶ [DEBUG] 本机运行地址：http://127.0.0.1:9518
[GIN-EXAMPLE]2020/09/03 - 17:54:07.392 D:/GoModProject/gin-demo/initialize/router.go:14 ▶ [DEBUG] 启动了cors中间件
[GIN-EXAMPLE]2020/09/03 - 17:55:32.292 D:/GoModProject/gin-demo/initialize/db_table.go:14 ▶ [DEBUG] register table success
[GIN-EXAMPLE]2020/09/03 - 17:55:32.293 D:/GoModProject/gin-demo/main.go:15 ▶ [DEBUG] 当前是在debug环境
[GIN-EXAMPLE]2020/09/03 - 17:55:32.293 D:/GoModProject/gin-demo/initialize/aliyunoss.go:20 ▶ [INFO] 生成bucket成功
[GIN-EXAMPLE]2020/09/03 - 17:55:32.293 D:/GoModProject/gin-demo/main.go:26 ▶ [DEBUG] 本机运行地址：http://127.0.0.1:9518
[GIN-EXAMPLE]2020/09/03 - 17:55:32.293 D:/GoModProject/gin-demo/initialize/router.go:14 ▶ [DEBUG] 启动了cors中间件
[GIN-EXAMPLE]2020/09/03 - 17:55:47.487 D:/GoModProject/gin-demo/initialize/db_table.go:14 ▶ [DEBUG] register table success
[GIN-EXAMPLE]2020/09/03 - 17:55:47.488 D:/GoModProject/gin-demo/main.go:15 ▶ [DEBUG] 当前是在debug环境
[GIN-EXAMPLE]2020/09/03 - 17:55:47.488 D:/GoModProject/gin-demo/initialize/aliyunoss.go:20 ▶ [INFO] 生成bucket成功
[GIN-EXAMPLE]2020/09/03 - 17:55:47.488 D:/GoModProject/gin-demo/main.go:26 ▶ [DEBUG] 本机运行地址：http://127.0.0.1:9518
[GIN-EXAMPLE]2020/09/03 - 17:55:47.488 D:/GoModProject/gin-demo/initialize/router.go:14 ▶ [DEBUG] 启动了cors中间件
[GIN-EXAMPLE]2020/09/03 - 19:50:17.075 D:/GoModProject/gin-demo/initialize/db_table.go:14 ▶ [DEBUG] register table success
[GIN-EXAMPLE]2020/09/03 - 19:50:17.076 D:/GoModProject/gin-demo/main.go:15 ▶ [DEBUG] 当前是在debug环境
[GIN-EXAMPLE]2020/09/03 - 19:50:17.076 D:/GoModProject/gin-demo/main.go:24 ▶ [DEBUG] 本机运行地址：http://127.0.0.1:9518
[GIN-EXAMPLE]2020/09/03 - 19:50:17.077 D:/GoModProject/gin-demo/initialize/router.go:14 ▶ [DEBUG] 启动了cors中间件
[GIN-EXAMPLE]2020/09/03 - 19:50:21.661 D:/GoModProject/gin-demo/utils/aliyunoss.go:20 ▶ [INFO] 生成bucket成功
[GIN-EXAMPLE]2020/09/03 - 19:52:49.410 D:/GoModProject/gin-demo/utils/aliyunoss.go:20 ▶ [INFO] 生成bucket成功
[GIN-EXAMPLE]2020/09/03 - 19:52:54.871 D:/GoModProject/gin-demo/utils/aliyunoss.go:20 ▶ [INFO] 生成bucket成功
[GIN-EXAMPLE]2020/09/03 - 20:15:41.149 D:/GoModProject/gin-demo/initialize/db_table.go:14 ▶ [DEBUG] register table success
[GIN-EXAMPLE]2020/09/03 - 20:15:41.150 D:/GoModProject/gin-demo/main.go:15 ▶ [DEBUG] 当前是在debug环境
[GIN-EXAMPLE]2020/09/03 - 20:15:41.150 D:/GoModProject/gin-demo/main.go:24 ▶ [DEBUG] 本机运行地址：http://127.0.0.1:9518
[GIN-EXAMPLE]2020/09/03 - 20:15:41.150 D:/GoModProject/gin-demo/initialize/router.go:14 ▶ [DEBUG] 启动了cors中间件
[GIN-EXAMPLE]2020/09/03 - 20:15:44.203 D:/GoModProject/gin-demo/utils/aliyunoss.go:20 ▶ [INFO] 生成bucket成功
[GIN-EXAMPLE]2020/09/03 - 20:16:21.137 D:/GoModProject/gin-demo/initialize/db_table.go:14 ▶ [DEBUG] register table success
[GIN-EXAMPLE]2020/09/03 - 20:16:21.138 D:/GoModProject/gin-demo/main.go:15 ▶ [DEBUG] 当前是在debug环境
[GIN-EXAMPLE]2020/09/03 - 20:16:21.138 D:/GoModProject/gin-demo/main.go:24 ▶ [DEBUG] 本机运行地址：http://127.0.0.1:9518
[GIN-EXAMPLE]2020/09/03 - 20:16:21.138 D:/GoModProject/gin-demo/initialize/router.go:14 ▶ [DEBUG] 启动了cors中间件
[GIN-EXAMPLE]2020/09/03 - 20:16:37.001 D:/GoModProject/gin-demo/utils/aliyunoss.go:20 ▶ [INFO] 生成bucket成功
[GIN-EXAMPLE]2020/09/03 - 20:19:04.771 D:/GoModProject/gin-demo/initialize/db_table.go:14 ▶ [DEBUG] register table success
[GIN-EXAMPLE]2020/09/03 - 20:19:04.772 D:/GoModProject/gin-demo/main.go:15 ▶ [DEBUG] 当前是在debug环境
[GIN-EXAMPLE]2020/09/03 - 20:19:04.772 D:/GoModProject/gin-demo/main.go:24 ▶ [DEBUG] 本机运行地址：http://127.0.0.1:9518
[GIN-EXAMPLE]2020/09/03 - 20:19:04.772 D:/GoModProject/gin-demo/initialize/router.go:14 ▶ [DEBUG] 启动了cors中间件
[GIN-EXAMPLE]2020/09/03 - 20:19:12.118 D:/GoModProject/gin-demo/utils/aliyunoss.go:20 ▶ [INFO] 生成bucket成功
[GIN-EXAMPLE]2020/09/03 - 20:19:15.333 D:/GoModProject/gin-demo/utils/aliyunoss.go:20 ▶ [INFO] 生成bucket成功
[GIN-EXAMPLE]2020/09/03 - 20:19:18.631 D:/GoModProject/gin-demo/utils/aliyunoss.go:20 ▶ [INFO] 生成bucket成功
[GIN-EXAMPLE]2020/09/03 - 20:21:49.499 D:/GoModProject/gin-demo/initialize/db_table.go:14 ▶ [DEBUG] register table success
[GIN-EXAMPLE]2020/09/03 - 20:21:49.500 D:/GoModProject/gin-demo/main.go:15 ▶ [DEBUG] 当前是在debug环境
[GIN-EXAMPLE]2020/09/03 - 20:21:49.500 D:/GoModProject/gin-demo/main.go:24 ▶ [DEBUG] 本机运行地址：http://127.0.0.1:9518
[GIN-EXAMPLE]2020/09/03 - 20:21:49.500 D:/GoModProject/gin-demo/initialize/router.go:14 ▶ [DEBUG] 启动了cors中间件
[GIN-EXAMPLE]2020/09/03 - 20:22:06.174 D:/GoModProject/gin-demo/utils/aliyunoss.go:20 ▶ [INFO] 生成bucket成功
[GIN-EXAMPLE]2020/09/03 - 21:18:57.975 D:/GoModProject/gin-demo/utils/aliyunoss.go:20 ▶ [INFO] 生成bucket成功
[GIN-EXAMPLE]2020/09/03 - 21:25:01.528 D:/GoModProject/gin-demo/initialize/db_table.go:14 ▶ [DEBUG] register table success
[GIN-EXAMPLE]2020/09/03 - 21:25:01.529 D:/GoModProject/gin-demo/main.go:15 ▶ [DEBUG] 当前是在debug环境
[GIN-EXAMPLE]2020/09/03 - 21:25:01.529 D:/GoModProject/gin-demo/main.go:24 ▶ [DEBUG] 本机运行地址：http://127.0.0.1:9518
[GIN-EXAMPLE]2020/09/03 - 21:25:01.529 D:/GoModProject/gin-demo/initialize/router.go:14 ▶ [DEBUG] 启动了cors中间件
[GIN-EXAMPLE]2020/09/03 - 21:25:23.263 D:/GoModProject/gin-demo/utils/aliyunoss.go:20 ▶ [INFO] 生成bucket成功
[GIN-EXAMPLE]2020/09/03 - 22:37:54.006 D:/GoModProject/gin-demo/utils/aliyunoss.go:20 ▶ [INFO] 生成bucket成功
[GIN-EXAMPLE]2020/09/03 - 23:38:42.602 D:/GoModProject/gin-demo/initialize/db_table.go:14 ▶ [DEBUG] register table success
[GIN-EXAMPLE]2020/09/03 - 23:38:42.603 D:/GoModProject/gin-demo/main.go:15 ▶ [DEBUG] 当前是在debug环境
[GIN-EXAMPLE]2020/09/03 - 23:38:42.603 D:/GoModProject/gin-demo/main.go:24 ▶ [DEBUG] 本机运行地址：http://127.0.0.1:9518
[GIN-EXAMPLE]2020/09/03 - 23:38:42.603 D:/GoModProject/gin-demo/initialize/router.go:14 ▶ [DEBUG] 启动了cors中间件
[GIN-EXAMPLE]2020/09/03 - 23:38:55.946 D:/GoModProject/gin-demo/initialize/db_table.go:14 ▶ [DEBUG] register table success
[GIN-EXAMPLE]2020/09/03 - 23:38:55.947 D:/GoModProject/gin-demo/main.go:15 ▶ [DEBUG] 当前是在debug环境
[GIN-EXAMPLE]2020/09/03 - 23:38:55.947 D:/GoModProject/gin-demo/main.go:24 ▶ [DEBUG] 本机运行地址：http://127.0.0.1:9518
[GIN-EXAMPLE]2020/09/03 - 23:38:55.947 D:/GoModProject/gin-demo/initialize/router.go:14 ▶ [DEBUG] 启动了cors中间件
[GIN-EXAMPLE]2020/09/03 - 23:39:29.790 D:/GoModProject/gin-demo/utils/aliyunoss.go:20 ▶ [INFO] 生成bucket成功
[GIN-EXAMPLE]2020/09/03 - 23:41:39.513 D:/GoModProject/gin-demo/utils/aliyunoss.go:20 ▶ [INFO] 生成bucket成功
[GIN-EXAMPLE]2020/09/03 - 23:53:21.074 D:/GoModProject/gin-demo/utils/aliyunoss.go:20 ▶ [INFO] 生成bucket成功
[GIN-EXAMPLE]2020/09/03 - 23:53:39.395 D:/GoModProject/gin-demo/utils/aliyunoss.go:20 ▶ [INFO] 生成bucket成功
[GIN-EXAMPLE]2020/09/04 - 00:12:44.007 D:/GoModProject/gin-demo/initialize/db_table.go:14 ▶ [DEBUG] register table success
[GIN-EXAMPLE]2020/09/04 - 00:12:44.008 D:/GoModProject/gin-demo/main.go:15 ▶ [DEBUG] 当前是在debug环境
[GIN-EXAMPLE]2020/09/04 - 00:12:44.009 D:/GoModProject/gin-demo/main.go:24 ▶ [DEBUG] 本机运行地址：http://127.0.0.1:9518
[GIN-EXAMPLE]2020/09/04 - 00:12:44.009 D:/GoModProject/gin-demo/initialize/router.go:14 ▶ [DEBUG] 启动了cors中间件
[GIN-EXAMPLE]2020/09/04 - 00:12:48.204 D:/GoModProject/gin-demo/utils/aliyunoss.go:20 ▶ [INFO] 生成bucket成功
[GIN-EXAMPLE]2020/09/04 - 00:14:13.041 D:/GoModProject/gin-demo/utils/aliyunoss.go:20 ▶ [INFO] 生成bucket成功
[GIN-EXAMPLE]2020/09/04 - 00:33:45.364 D:/GoModProject/gin-demo/initialize/db_table.go:14 ▶ [DEBUG] register table success
[GIN-EXAMPLE]2020/09/04 - 00:33:45.365 D:/GoModProject/gin-demo/main.go:15 ▶ [DEBUG] 当前是在debug环境
[GIN-EXAMPLE]2020/09/04 - 00:33:45.365 D:/GoModProject/gin-demo/main.go:24 ▶ [DEBUG] 本机运行地址：http://127.0.0.1:9518
[GIN-EXAMPLE]2020/09/04 - 00:33:45.365 D:/GoModProject/gin-demo/initialize/router.go:14 ▶ [DEBUG] 启动了cors中间件
[GIN-EXAMPLE]2020/09/04 - 00:33:51.034 D:/GoModProject/gin-demo/utils/aliyunoss.go:20 ▶ [INFO] 生成bucket成功
